*** Using Compiler 'V5.06 update 7 (build 960)', folder: 'D:\keil-core\ARM\ARMCC\Bin'
Build target 'Hall_Sensor_Device'
compiling spi.c...
../Core/Inc/AD7606.h(47): warning:  #1295-D: Deprecated declaration AD7606_StopConv - give arg types
  void AD7606_StopConv();
../Core/Inc/AD7606.h(51): warning:  #1-D: last line of file ends without a newline
  #endif
../Core/Src/spi.c: 2 warnings, 0 errors
compiling gpio.c...
../Core/Inc/AD7606.h(47): warning:  #1295-D: Deprecated declaration AD7606_StopConv - give arg types
  void AD7606_StopConv();
../Core/Inc/AD7606.h(51): warning:  #1-D: last line of file ends without a newline
  #endif
../Core/Src/gpio.c: 2 warnings, 0 errors
compiling main.c...
../Core/Inc/AD7606.h(47): warning:  #1295-D: Deprecated declaration AD7606_StopConv - give arg types
  void AD7606_StopConv();
../Core/Inc/AD7606.h(51): warning:  #1-D: last line of file ends without a newline
  #endif
../Core/Src/main.c: 2 warnings, 0 errors
compiling AD7606.c...
../Core/Inc/AD7606.h(47): warning:  #1295-D: Deprecated declaration AD7606_StopConv - give arg types
  void AD7606_StopConv();
../Core/Inc/AD7606.h(51): warning:  #1-D: last line of file ends without a newline
  #endif
..\Core\Src\AD7606.c(27): warning:  #188-D: enumerated type mixed with another type
  	HAL_GPIO_WritePin(AD_RESET_GPIO_Port, AD_RESET_Pin, 0);
..\Core\Src\AD7606.c(28): warning:  #188-D: enumerated type mixed with another type
  	HAL_GPIO_WritePin(AD_RESET_GPIO_Port, AD_RESET_Pin, 1);
..\Core\Src\AD7606.c(29): warning:  #188-D: enumerated type mixed with another type
  	HAL_GPIO_WritePin(AD_RESET_GPIO_Port, AD_RESET_Pin, 1);
..\Core\Src\AD7606.c(30): warning:  #188-D: enumerated type mixed with another type
  	HAL_GPIO_WritePin(AD_RESET_GPIO_Port, AD_RESET_Pin, 1);
..\Core\Src\AD7606.c(31): warning:  #188-D: enumerated type mixed with another type
  	HAL_GPIO_WritePin(AD_RESET_GPIO_Port, AD_RESET_Pin, 0);
..\Core\Src\AD7606.c(40): warning:  #188-D: enumerated type mixed with another type
  		HAL_GPIO_WritePin(AD_OS1_GPIO_Port, AD_OS1_Pin, 0);
..\Core\Src\AD7606.c(41): warning:  #188-D: enumerated type mixed with another type
  		HAL_GPIO_WritePin(AD_OS2_GPIO_Port, AD_OS2_Pin, 0);
..\Core\Src\AD7606.c(42): warning:  #188-D: enumerated type mixed with another type
  		HAL_GPIO_WritePin(AD_OS3_GPIO_Port, AD_OS3_Pin, 0);
..\Core\Src\AD7606.c(47): warning:  #188-D: enumerated type mixed with another type
  		HAL_GPIO_WritePin(AD_OS1_GPIO_Port, AD_OS1_Pin, 1);
..\Core\Src\AD7606.c(48): warning:  #188-D: enumerated type mixed with another type
  		HAL_GPIO_WritePin(AD_OS2_GPIO_Port, AD_OS2_Pin, 0);
..\Core\Src\AD7606.c(49): warning:  #188-D: enumerated type mixed with another type
  		HAL_GPIO_WritePin(AD_OS3_GPIO_Port, AD_OS3_Pin, 0);
..\Core\Src\AD7606.c(54): warning:  #188-D: enumerated type mixed with another type
  		HAL_GPIO_WritePin(AD_OS1_GPIO_Port, AD_OS1_Pin, 0);
..\Core\Src\AD7606.c(55): warning:  #188-D: enumerated type mixed with another type
  		HAL_GPIO_WritePin(AD_OS2_GPIO_Port, AD_OS2_Pin, 1);
..\Core\Src\AD7606.c(56): warning:  #188-D: enumerated type mixed with another type
  		HAL_GPIO_WritePin(AD_OS3_GPIO_Port, AD_OS3_Pin, 0);
..\Core\Src\AD7606.c(61): warning:  #188-D: enumerated type mixed with another type
  		HAL_GPIO_WritePin(AD_OS1_GPIO_Port, AD_OS1_Pin, 1);
..\Core\Src\AD7606.c(62): warning:  #188-D: enumerated type mixed with another type
  		HAL_GPIO_WritePin(AD_OS2_GPIO_Port, AD_OS2_Pin, 1);
..\Core\Src\AD7606.c(63): warning:  #188-D: enumerated type mixed with another type
  		HAL_GPIO_WritePin(AD_OS3_GPIO_Port, AD_OS3_Pin, 0);
..\Core\Src\AD7606.c(68): warning:  #188-D: enumerated type mixed with another type
  		HAL_GPIO_WritePin(AD_OS1_GPIO_Port, AD_OS1_Pin, 0);
..\Core\Src\AD7606.c(69): warning:  #188-D: enumerated type mixed with another type
  		HAL_GPIO_WritePin(AD_OS2_GPIO_Port, AD_OS2_Pin, 0);
..\Core\Src\AD7606.c(70): warning:  #188-D: enumerated type mixed with another type
  		HAL_GPIO_WritePin(AD_OS3_GPIO_Port, AD_OS3_Pin, 1);
..\Core\Src\AD7606.c(75): warning:  #188-D: enumerated type mixed with another type
  		HAL_GPIO_WritePin(AD_OS1_GPIO_Port, AD_OS1_Pin, 1);
..\Core\Src\AD7606.c(76): warning:  #188-D: enumerated type mixed with another type
  		HAL_GPIO_WritePin(AD_OS2_GPIO_Port, AD_OS2_Pin, 0);
..\Core\Src\AD7606.c(77): warning:  #188-D: enumerated type mixed with another type
  		HAL_GPIO_WritePin(AD_OS3_GPIO_Port, AD_OS3_Pin, 1);
..\Core\Src\AD7606.c(82): warning:  #188-D: enumerated type mixed with another type
  		HAL_GPIO_WritePin(AD_OS1_GPIO_Port, AD_OS1_Pin, 0);
..\Core\Src\AD7606.c(83): warning:  #188-D: enumerated type mixed with another type
  		HAL_GPIO_WritePin(AD_OS2_GPIO_Port, AD_OS2_Pin, 1);
..\Core\Src\AD7606.c(84): warning:  #188-D: enumerated type mixed with another type
  		HAL_GPIO_WritePin(AD_OS3_GPIO_Port, AD_OS3_Pin, 1);
..\Core\Src\AD7606.c(117): warning:  #188-D: enumerated type mixed with another type
  	HAL_GPIO_WritePin(AD_RESET_GPIO_Port, AD_RESET_Pin, 0);
..\Core\Src\AD7606.c(118): warning:  #188-D: enumerated type mixed with another type
  	HAL_GPIO_WritePin(AD_RANGE_GPIO_Port, AD_RANGE_Pin, 0);
..\Core\Src\AD7606.c(180): warning:  #940-D: missing return statement at end of non-void function "Volt_Meg_Fitting" 
  }
..\Core\Src\AD7606.c(269): warning:  #188-D: enumerated type mixed with another type
  	HAL_GPIO_WritePin(AD_CONV_GPIO_Port, AD_CONV_Pin, 1);
..\Core\Src\AD7606.c: 32 warnings, 0 errors
compiling usart.c...
../Core/Src/usart.c(342): warning:  #177-D: variable "tmp_flag"  was declared but never referenced
  			uint32_t tmp_flag = 0;
../Core/Src/usart.c(343): warning:  #177-D: variable "temp"  was declared but never referenced
  			uint32_t temp;
../Core/Src/usart.c: 2 warnings, 0 errors
linking...
Program Size: Code=13144 RO-data=380 RW-data=36 ZI-data=20772  
FromELF: creating hex file...
"Hall_Sensor_Device\Hall_Sensor_Device.axf" - 0 Error(s), 40 Warning(s).
Build Time Elapsed:  00:00:09
